<?xml version="1.0" encoding="UTF-8"?>
<!-- Generated by org.testng.reporters.JUnitXMLReporter -->
<testsuite hostname="TYSS-MF-059" ignored="1" name="Test" tests="3" failures="0" timestamp="05 Oct 2017 07:19:25 GMT" time="101.745" errors="0">
  <testcase name="VerifySucessfullLogout" time="13.964" classname="com.tikkle.scripts.VerifyingLogout"/>
  <testcase name="TestChatModule" time="14.607" classname="com.tikkle.scripts.VerifyingChatModule"/>
  <testcase name="NewChat" time="36.083" classname="com.tikkle.scripts.VerifyingChatModule"/>
  <testcase name="@BeforeSuite runAppiumServer" time="0.0" classname="com.tikkle.Library.BaseLib">
    <ignored/>
  </testcase> <!-- @BeforeSuite runAppiumServer -->
</testsuite> <!-- Test -->
